<?xml version="1.0" encoding="UTF-8"?>
<testsuite xmlns:xsi="http://www.w3.org/2001/XMLSchema-instance" xsi:noNamespaceSchemaLocation="https://maven.apache.org/surefire/maven-surefire-plugin/xsd/surefire-test-report.xsd" version="3.0.2" name="TestSuite" time="58.462" tests="16" errors="0" skipped="1" failures="1">
  <properties>
[...]
</properties>
  <testcase name="verifyRegisteringAnAccountWithMandatoryFields" classname="com.tutorialsninja.qa.testcases.RegisterTest" time="1.438">
    <system-err><![CDATA[SLF4J(W): No SLF4J providers were found.
SLF4J(W): Defaulting to no-operation (NOP) logger implementation
SLF4J(W): See https://www.slf4j.org/codes.html#noProviders for further details.
java.io.FileNotFoundException: C:\Users\gvnsa\eclipse-workspace\Sashidhar\TutorialsNinjaProj\com\tutorialsninja\qa\config\config.properties (The system cannot find the path specified)
	at java.base/java.io.FileInputStream.open0(Native Method)
	at java.base/java.io.FileInputStream.open(FileInputStream.java:213)
	at java.base/java.io.FileInputStream.<init>(FileInputStream.java:152)
	at com.tutorialsninja.qa.utils.ExtentReporter.generateExtentReport(ExtentReporter.java:29)
	at com.tutorialsninja.qa.listeners.MyListeners.onStart(MyListeners.java:30)
	at org.testng.TestRunner.fireEvent(TestRunner.java:891)
	at org.testng.TestRunner.beforeRun(TestRunner.java:642)
	at org.testng.TestRunner.run(TestRunner.java:612)
	at org.testng.SuiteRunner.runTest(SuiteRunner.java:421)
	at org.testng.SuiteRunner.runSequentially(SuiteRunner.java:413)
	at org.testng.SuiteRunner.privateRun(SuiteRunner.java:373)
	at org.testng.SuiteRunner.run(SuiteRunner.java:312)
	at org.testng.SuiteRunnerWorker.runSuite(SuiteRunnerWorker.java:52)
	at org.testng.SuiteRunnerWorker.run(SuiteRunnerWorker.java:95)
	at org.testng.TestNG.runSuitesSequentially(TestNG.java:1274)
	at org.testng.TestNG.runSuitesLocally(TestNG.java:1208)
	at org.testng.TestNG.runSuites(TestNG.java:1112)
	at org.testng.TestNG.run(TestNG.java:1079)
	at org.apache.maven.surefire.testng.TestNGExecutor.run(TestNGExecutor.java:308)
	at org.apache.maven.surefire.testng.TestNGXmlTestSuite.execute(TestNGXmlTestSuite.java:71)
	at org.apache.maven.surefire.testng.TestNGProvider.invoke(TestNGProvider.java:113)
	at org.apache.maven.surefire.booter.ForkedBooter.runSuitesInProcess(ForkedBooter.java:385)
	at org.apache.maven.surefire.booter.ForkedBooter.execute(ForkedBooter.java:162)
	at org.apache.maven.surefire.booter.ForkedBooter.run(ForkedBooter.java:507)
	at org.apache.maven.surefire.booter.ForkedBooter.main(ForkedBooter.java:495)
]]></system-err>
  </testcase>
  <testcase name="verifyRegisteringAccountByProvidingAllFields" classname="com.tutorialsninja.qa.testcases.RegisterTest" time="1.333"/>
  <testcase name="verifyRegsiteringAccountWithExistingEmailAddress" classname="com.tutorialsninja.qa.testcases.RegisterTest" time="1.004"/>
  <testcase name="verifyRegsiteringAccountWithoutEnteringAnyFields" classname="com.tutorialsninja.qa.testcases.RegisterTest" time="0.597"/>
  <testcase name="verifyLoginWithValidCredentials[kasthokiskisko@gmail.com, 12345](1)" classname="com.tutorialsninja.qa.testcases.LoginTest" time="1.041"/>
  <testcase name="verifyLoginWithValidCredentials[radmad@gmail.com, 12345](2)" classname="com.tutorialsninja.qa.testcases.LoginTest" time="0.965"/>
  <testcase name="verifyLoginWithValidCredentials[qwer123@gmail.com, 12345](3)" classname="com.tutorialsninja.qa.testcases.LoginTest" time="0.9"/>
  <testcase name="verifyLoginWithValidCredentials[radmad@xyz.com, 12345](4)" classname="com.tutorialsninja.qa.testcases.LoginTest" time="0.894"/>
  <testcase name="verifyLoginWithValidCredentials[adfkajf@gmail.com, 12345](5)" classname="com.tutorialsninja.qa.testcases.LoginTest" time="0.983"/>
  <testcase name="verifyLoginWithInvalidCredentials" classname="com.tutorialsninja.qa.testcases.LoginTest" time="0.941"/>
  <testcase name="verifyLoginWithInvalidEmailAndValidPassword" classname="com.tutorialsninja.qa.testcases.LoginTest" time="0.842"/>
  <testcase name="verifyLoginWithValidEmailAndInvalidPassword" classname="com.tutorialsninja.qa.testcases.LoginTest" time="0.776"/>
  <testcase name="verifyLoginWithoutProvidingAnyDetails" classname="com.tutorialsninja.qa.testcases.LoginTest" time="4.113"/>
  <testcase name="verifySearchWithValidProduct" classname="com.tutorialsninja.qa.testcases.SearchTest" time="0.481"/>
  <testcase name="verifySearchWithInvalidProduct" classname="com.tutorialsninja.qa.testcases.SearchTest" time="0.499">
    <failure message="No Search Results are Displayed expected [abcd] but found [There is no product that matches the search criteria.]" type="java.lang.AssertionError"><![CDATA[java.lang.AssertionError: No Search Results are Displayed expected [abcd] but found [There is no product that matches the search criteria.]
	at org.testng.Assert.fail(Assert.java:111)
	at org.testng.Assert.failNotEquals(Assert.java:1590)
	at org.testng.Assert.assertEqualsImpl(Assert.java:150)
	at org.testng.Assert.assertEquals(Assert.java:132)
	at org.testng.Assert.assertEquals(Assert.java:656)
	at com.tutorialsninja.qa.testcases.SearchTest.verifySearchWithInvalidProduct(SearchTest.java:45)
	at java.base/jdk.internal.reflect.DirectMethodHandleAccessor.invoke(DirectMethodHandleAccessor.java:103)
	at java.base/java.lang.reflect.Method.invoke(Method.java:580)
	at org.testng.internal.invokers.MethodInvocationHelper.invokeMethod(MethodInvocationHelper.java:141)
	at org.testng.internal.invokers.TestInvoker.invokeMethod(TestInvoker.java:687)
	at org.testng.internal.invokers.TestInvoker.invokeTestMethod(TestInvoker.java:230)
	at org.testng.internal.invokers.MethodRunner.runInSequence(MethodRunner.java:63)
	at org.testng.internal.invokers.TestInvoker$MethodInvocationAgent.invoke(TestInvoker.java:995)
	at org.testng.internal.invokers.TestInvoker.invokeTestMethods(TestInvoker.java:203)
	at org.testng.internal.invokers.TestMethodWorker.invokeTestMethods(TestMethodWorker.java:154)
	at org.testng.internal.invokers.TestMethodWorker.run(TestMethodWorker.java:134)
	at java.base/java.util.ArrayList.forEach(ArrayList.java:1596)
	at org.testng.TestRunner.privateRun(TestRunner.java:741)
	at org.testng.TestRunner.run(TestRunner.java:616)
	at org.testng.SuiteRunner.runTest(SuiteRunner.java:421)
	at org.testng.SuiteRunner.runSequentially(SuiteRunner.java:413)
	at org.testng.SuiteRunner.privateRun(SuiteRunner.java:373)
	at org.testng.SuiteRunner.run(SuiteRunner.java:312)
	at org.testng.SuiteRunnerWorker.runSuite(SuiteRunnerWorker.java:52)
	at org.testng.SuiteRunnerWorker.run(SuiteRunnerWorker.java:95)
	at org.testng.TestNG.runSuitesSequentially(TestNG.java:1274)
	at org.testng.TestNG.runSuitesLocally(TestNG.java:1208)
	at org.testng.TestNG.runSuites(TestNG.java:1112)
	at org.testng.TestNG.run(TestNG.java:1079)
	at org.apache.maven.surefire.testng.TestNGExecutor.run(TestNGExecutor.java:308)
	at org.apache.maven.surefire.testng.TestNGXmlTestSuite.execute(TestNGXmlTestSuite.java:71)
	at org.apache.maven.surefire.testng.TestNGProvider.invoke(TestNGProvider.java:113)
	at org.apache.maven.surefire.booter.ForkedBooter.runSuitesInProcess(ForkedBooter.java:385)
	at org.apache.maven.surefire.booter.ForkedBooter.execute(ForkedBooter.java:162)
	at org.apache.maven.surefire.booter.ForkedBooter.run(ForkedBooter.java:507)
	at org.apache.maven.surefire.booter.ForkedBooter.main(ForkedBooter.java:495)
]]></failure>
  </testcase>
  <testcase name="verifySearchWithoutEnteringAnyProduct" classname="com.tutorialsninja.qa.testcases.SearchTest" time="0.0">
    <skipped message="Method com.tutorialsninja.qa.testcases.SearchTest.verifySearchWithoutEnteringAnyProduct() on instance com.tutorialsninja.qa.testcases.SearchTest@38d8f54a depends on not successfully finished methods &#10;[com.tutorialsninja.qa.testcases.SearchTest.verifySearchWithValidProduct() on instance com.tutorialsninja.qa.testcases.SearchTest@38d8f54a&#10;com.tutorialsninja.qa.testcases.SearchTest.verifySearchWithInvalidProduct() on instance com.tutorialsninja.qa.testcases.SearchTest@38d8f54a]"/>
  </testcase>
</testsuite>