<?xml version="1.0" encoding="UTF-8"?>
<!-- Generated by org.testng.reporters.JUnitReportReporter -->
<testsuite hostname="Sashi" failures="0" tests="4" name="com.tutorialsninja.qa.testcases.RegisterTest" time="15.126" errors="0" timestamp="2025-11-16T15:15:13 IST" skipped="0">
  <testcase classname="com.tutorialsninja.qa.testcases.RegisterTest" name="verifyRegisteringAnAccountWithMandatoryFields" time="4.088"/>
  <testcase classname="com.tutorialsninja.qa.testcases.RegisterTest" name="verifyRegisteringAccountByProvidingAllFields" time="3.842"/>
  <testcase classname="com.tutorialsninja.qa.testcases.RegisterTest" name="verifyRegsiteringAccountWithExistingEmailAddress" time="4.061"/>
  <testcase classname="com.tutorialsninja.qa.testcases.RegisterTest" name="verifyRegsiteringAccountWithoutEnteringAnyFields" time="3.135"/>
</testsuite> <!-- com.tutorialsninja.qa.testcases.RegisterTest -->
